<?xml version="1.0" encoding="UTF-8"?>
<testng-results skipped="0" failed="0" ignored="0" total="1" passed="1">
  <reporter-output>
  </reporter-output>
  <suite name="Default suite" duration-ms="18728" started-at="2017-07-04T06:31:03Z" finished-at="2017-07-04T06:31:22Z">
    <groups>
    </groups>
    <test name="Default test" duration-ms="18728" started-at="2017-07-04T06:31:03Z" finished-at="2017-07-04T06:31:22Z">
      <class name="com.mystore.test.smoke.TestLoginUS001">
        <test-method status="PASS" signature="setUp()[pri:0, instance:com.mystore.test.smoke.TestLoginUS001@68c4039c]" name="setUp" is-config="true" duration-ms="12988" started-at="2017-07-04T12:01:03Z" finished-at="2017-07-04T12:01:16Z">
          <reporter-output>
          </reporter-output>
        </test-method> <!-- setUp -->
        <test-method status="PASS" signature="TestLoginTC001()[pri:0, instance:com.mystore.test.smoke.TestLoginUS001@68c4039c]" name="TestLoginTC001" duration-ms="5470" started-at="2017-07-04T12:01:16Z" finished-at="2017-07-04T12:01:22Z">
          <reporter-output>
          </reporter-output>
        </test-method> <!-- TestLoginTC001 -->
        <test-method status="PASS" signature="tearDown()[pri:0, instance:com.mystore.test.smoke.TestLoginUS001@68c4039c]" name="tearDown" is-config="true" duration-ms="241" started-at="2017-07-04T12:01:22Z" finished-at="2017-07-04T12:01:22Z">
          <reporter-output>
          </reporter-output>
        </test-method> <!-- tearDown -->
      </class> <!-- com.mystore.test.smoke.TestLoginUS001 -->
    </test> <!-- Default test -->
  </suite> <!-- Default suite -->
</testng-results>
